<?xml version="1.0" encoding="UTF-8"?>
<!-- Generated by org.testng.reporters.JUnitReportReporter -->
<testsuite hostname="GANESH" failures="0" tests="1" name="tests.TS_002_LoginTest" time="3.414" errors="0" timestamp="2024-12-28T21:29:49 IST" skipped="0">
  <testcase classname="tests.TS_002_LoginTest" name="LoginToDemoBlaze" time="3.414"/>
</testsuite> <!-- tests.TS_002_LoginTest -->
