<?xml version="1.0" encoding="UTF-8"?>
<!-- Generated by org.testng.reporters.JUnitReportReporter -->
<testsuite hostname="GANESH" failures="0" tests="1" name="tests.TS_004_ProductDetailsTest" time="51.330" errors="0" timestamp="2024-12-28T21:29:49 IST" skipped="0">
  <testcase classname="tests.TS_004_ProductDetailsTest" name="checkProductDetails" time="51.330"/>
</testsuite> <!-- tests.TS_004_ProductDetailsTest -->
