<?xml version="1.0" encoding="UTF-8"?>
<!-- Generated by org.testng.reporters.JUnitReportReporter -->
<testsuite hostname="GANESH" failures="0" tests="1" name="tests.TS_006_PurchaseTest" time="23.919" errors="0" timestamp="2024-12-29T07:36:18 IST" skipped="0">
  <testcase classname="tests.TS_006_PurchaseTest" name="purchaseFunctionality" time="23.919"/>
</testsuite> <!-- tests.TS_006_PurchaseTest -->
