<?xml version="1.0" encoding="UTF-8"?>
<!-- Generated by org.testng.reporters.JUnitReportReporter -->
<testsuite hostname="GANESH" failures="0" tests="1" name="tests.TS_007_LogoutTest" time="17.112" errors="0" timestamp="2024-12-28T21:29:49 IST" skipped="0">
  <testcase classname="tests.TS_007_LogoutTest" name="validateLogoutFunctionality" time="17.112"/>
</testsuite> <!-- tests.TS_007_LogoutTest -->
