<?xml version="1.0" encoding="UTF-8"?>
<!-- Generated by org.testng.reporters.JUnitReportReporter -->
<testsuite hostname="GANESH" failures="0" tests="1" name="tests.TS_001_SignUpTest" time="14.759" errors="0" timestamp="2024-12-28T21:29:49 IST" skipped="0">
  <testcase classname="tests.TS_001_SignUpTest" name="SignUpToDemoblaze" time="14.759"/>
</testsuite> <!-- tests.TS_001_SignUpTest -->
