<?xml version="1.0" encoding="UTF-8"?>
<!-- Generated by org.testng.reporters.JUnitReportReporter -->
<testsuite hostname="GANESH" failures="0" tests="1" name="tests.TS_005_CartFunctionalityTest" time="29.793" errors="0" timestamp="2024-12-28T21:29:49 IST" skipped="0">
  <testcase classname="tests.TS_005_CartFunctionalityTest" name="validateCartFunctionality" time="29.793"/>
</testsuite> <!-- tests.TS_005_CartFunctionalityTest -->
